SF:lib/src/data/mappers/portfolio_instruments_remote_to_domain_mapper.dart
DA:4,1
DA:5,1
DA:6,1
DA:8,1
LF:4
LH:4
end_of_record
SF:lib/src/data/repository/portfolio_instruments_repository_impl.dart
DA:12,1
DA:16,1
DA:19,2
DA:21,2
LF:4
LH:4
end_of_record
SF:lib/src/domain/models/balance_model.dart
DA:6,3
DA:12,1
DA:13,1
DA:14,2
DA:15,2
DA:16,2
LF:6
LH:6
end_of_record
SF:lib/src/domain/models/portfolio_model.dart
DA:8,3
DA:13,1
DA:14,1
DA:16,1
DA:17,1
DA:19,1
DA:21,3
DA:22,1
DA:24,1
LF:9
LH:9
end_of_record
SF:lib/src/domain/models/position_models.dart
DA:10,3
DA:21,1
DA:22,1
DA:23,1
DA:25,1
DA:27,2
DA:28,2
DA:29,2
DA:30,2
DA:31,2
DA:32,2
DA:44,3
DA:51,1
DA:52,1
DA:53,1
DA:54,1
DA:55,1
DA:56,1
DA:57,2
LF:19
LH:19
end_of_record
SF:lib/src/data/data_source/portfolio_instruments/portfolio_instruments_data_source_impl.dart
DA:10,1
DA:16,1
DA:20,1
DA:21,1
DA:24,1
DA:26,2
DA:28,1
DA:29,1
DA:32,2
DA:33,1
DA:35,1
DA:38,0
DA:43,0
DA:46,0
DA:47,0
LF:15
LH:11
end_of_record
SF:lib/main.dart
DA:3,0
DA:4,0
DA:8,2
DA:11,1
DA:13,1
DA:15,1
DA:31,1
DA:40,1
DA:53,1
DA:54,1
DA:60,1
DA:61,2
DA:67,2
DA:71,1
DA:79,1
DA:80,1
DA:84,3
DA:87,3
DA:89,1
DA:92,1
DA:107,1
DA:111,1
DA:112,2
DA:113,3
DA:118,1
DA:119,1
LF:26
LH:24
end_of_record
SF:lib/src/domain/usecase/get_user_portfolio_use_case.dart
DA:11,1
DA:13,1
DA:16,2
LF:3
LH:3
end_of_record
